==6766== Memcheck, a memory error detector
==6766== Copyright (C) 2002-2017, and GNU GPL'd, by Julian Seward et al.
==6766== Using Valgrind-3.18.1 and LibVEX; rerun with -h for copyright info
==6766== Command: bin/xacto -p 9999
==6766== Parent PID: 6754
==6766== 
==6766== Thread 2:
==6766== Invalid write of size 4
==6766==    at 0x10B7B8: trans_abort (transaction.c:261)
==6766==    by 0x10BB25: xacto_client_service (server.c:123)
==6766==    by 0x4902B42: start_thread (pthread_create.c:442)
==6766==    by 0x4993BB3: clone (clone.S:100)
==6766==  Address 0x4a99418 is 8 bytes inside a block of size 120 free'd
==6766==    at 0x484B27F: free (in /usr/libexec/valgrind/vgpreload_memcheck-amd64-linux.so)
==6766==    by 0x10B512: trans_unref (transaction.c:154)
==6766==    by 0x10B7B3: trans_abort (transaction.c:260)
==6766==    by 0x10BB25: xacto_client_service (server.c:123)
==6766==    by 0x4902B42: start_thread (pthread_create.c:442)
==6766==    by 0x4993BB3: clone (clone.S:100)
==6766==  Block was alloc'd at
==6766==    at 0x4848899: malloc (in /usr/libexec/valgrind/vgpreload_memcheck-amd64-linux.so)
==6766==    by 0x10B29C: trans_create (transaction.c:93)
==6766==    by 0x10B8AB: xacto_client_service (server.c:51)
==6766==    by 0x4902B42: start_thread (pthread_create.c:442)
==6766==    by 0x4993BB3: clone (clone.S:100)
==6766== 
==6766== Invalid read of size 4
==6766==    at 0x10B7E0: trans_abort (transaction.c:271)
==6766==    by 0x10BB25: xacto_client_service (server.c:123)
==6766==    by 0x4902B42: start_thread (pthread_create.c:442)
==6766==    by 0x4993BB3: clone (clone.S:100)
==6766==  Address 0x4a99428 is 24 bytes inside a block of size 120 free'd
==6766==    at 0x484B27F: free (in /usr/libexec/valgrind/vgpreload_memcheck-amd64-linux.so)
==6766==    by 0x10B512: trans_unref (transaction.c:154)
==6766==    by 0x10B7B3: trans_abort (transaction.c:260)
==6766==    by 0x10BB25: xacto_client_service (server.c:123)
==6766==    by 0x4902B42: start_thread (pthread_create.c:442)
==6766==    by 0x4993BB3: clone (clone.S:100)
==6766==  Block was alloc'd at
==6766==    at 0x4848899: malloc (in /usr/libexec/valgrind/vgpreload_memcheck-amd64-linux.so)
==6766==    by 0x10B29C: trans_create (transaction.c:93)
==6766==    by 0x10B8AB: xacto_client_service (server.c:51)
==6766==    by 0x4902B42: start_thread (pthread_create.c:442)
==6766==    by 0x4993BB3: clone (clone.S:100)
==6766== 
==6766== Invalid free() / delete / delete[] / realloc()
==6766==    at 0x484B27F: free (in /usr/libexec/valgrind/vgpreload_memcheck-amd64-linux.so)
==6766==    by 0x10BB69: xacto_client_service (server.c:131)
==6766==    by 0x4902B42: start_thread (pthread_create.c:442)
==6766==    by 0x4993BB3: clone (clone.S:100)
==6766==  Address 0x4a994d0 is 0 bytes inside a block of size 20 free'd
==6766==    at 0x484B27F: free (in /usr/libexec/valgrind/vgpreload_memcheck-amd64-linux.so)
==6766==    by 0x10BB38: xacto_client_service (server.c:126)
==6766==    by 0x4902B42: start_thread (pthread_create.c:442)
==6766==    by 0x4993BB3: clone (clone.S:100)
==6766==  Block was alloc'd at
==6766==    at 0x4848899: malloc (in /usr/libexec/valgrind/vgpreload_memcheck-amd64-linux.so)
==6766==    by 0x10B8B9: xacto_client_service (server.c:52)
==6766==    by 0x4902B42: start_thread (pthread_create.c:442)
==6766==    by 0x4993BB3: clone (clone.S:100)
==6766== 
==6766== 
==6766== FILE DESCRIPTORS: 8 open (3 std) at exit.
==6766== Open AF_INET socket 5: 0.0.0.0:9999 <-> unbound
==6766==    at 0x4995CEB: socket (syscall-template.S:120)
==6766==    by 0x10A8C1: main (main.c:79)
==6766== 
==6766== Open file descriptor 13: /dev/shm/bxf_arena_6752 (deleted)
==6766==    <inherited from parent>
==6766== 
==6766== Open file descriptor 12: /dev/shm/bxf_arena_6752 (deleted)
==6766==    <inherited from parent>
==6766== 
==6766== Open file descriptor 4:
==6766==    <inherited from parent>
==6766== 
==6766== Open file descriptor 3: /home/student/chengklin/hw5/valgrind.out
==6766==    <inherited from parent>
==6766== 
==6766== 
==6766== HEAP SUMMARY:
==6766==     in use at exit: 4 bytes in 1 blocks
==6766==   total heap usage: 8 allocs, 8 frees, 708 bytes allocated
==6766== 
==6766== LEAK SUMMARY:
==6766==    definitely lost: 0 bytes in 0 blocks
==6766==    indirectly lost: 0 bytes in 0 blocks
==6766==      possibly lost: 0 bytes in 0 blocks
==6766==    still reachable: 4 bytes in 1 blocks
==6766==         suppressed: 0 bytes in 0 blocks
==6766== Reachable blocks (those to which a pointer was found) are not shown.
==6766== To see them, rerun with: --leak-check=full --show-leak-kinds=all
==6766== 
==6766== For lists of detected and suppressed errors, rerun with: -s
==6766== ERROR SUMMARY: 3 errors from 3 contexts (suppressed: 0 from 0)
